2024-02-08 12:23:51.485 [info] Log level: Info
2024-02-08 12:23:51.485 [info] Validating found git in: "git"
2024-02-08 12:23:51.485 [info] Using git "2.34.1" from "git"
2024-02-08 12:23:51.485 [info] > git rev-parse --show-toplevel [19ms]
2024-02-08 12:23:51.485 [info] fatal: not a git repository (or any of the parent directories): .git
2024-02-08 12:23:51.485 [info] > git rev-parse --show-toplevel [22ms]
2024-02-08 12:23:51.485 [info] fatal: not a git repository (or any of the parent directories): .git
2024-02-08 12:23:51.488 [info] > git rev-parse --show-toplevel [5ms]
2024-02-08 12:23:51.488 [info] fatal: not a git repository (or any of the parent directories): .git
2024-02-08 12:23:51.508 [info] > git rev-parse --show-toplevel [3ms]
2024-02-08 12:23:51.508 [info] fatal: not a git repository (or any of the parent directories): .git
2024-02-08 12:23:51.522 [info] > git rev-parse --show-toplevel [4ms]
2024-02-08 12:23:51.522 [info] fatal: not a git repository (or any of the parent directories): .git
2024-02-08 12:24:49.875 [info] > git rev-parse --show-toplevel [4ms]
2024-02-08 12:24:49.875 [info] fatal: not a git repository (or any of the parent directories): .git
2024-02-08 12:25:04.864 [info] > git rev-parse --show-toplevel [2ms]
2024-02-08 12:25:04.864 [info] fatal: not a git repository (or any of the parent directories): .git
2024-02-08 12:25:11.067 [info] > git rev-parse --show-toplevel [11ms]
2024-02-08 12:25:11.067 [info] fatal: not a git repository (or any of the parent directories): .git
2024-02-08 12:25:13.743 [info] > git rev-parse --show-toplevel [2ms]
2024-02-08 12:25:13.743 [info] fatal: not a git repository (or any of the parent directories): .git
2024-02-08 12:25:15.511 [info] > git rev-parse --show-toplevel [5ms]
2024-02-08 12:25:15.512 [info] fatal: not a git repository (or any of the parent directories): .git
2024-02-08 12:25:22.341 [info] > git rev-parse --show-toplevel [3ms]
2024-02-08 12:25:22.341 [info] fatal: not a git repository (or any of the parent directories): .git
2024-02-08 12:25:31.816 [info] > git rev-parse --show-toplevel [26ms]
2024-02-08 12:25:31.816 [info] fatal: not a git repository (or any of the parent directories): .git
2024-02-08 12:25:35.444 [info] > git rev-parse --show-toplevel [282ms]
2024-02-08 12:25:35.444 [info] fatal: not a git repository (or any of the parent directories): .git
2024-02-08 12:25:38.556 [info] > git rev-parse --show-toplevel [3ms]
2024-02-08 12:25:38.556 [info] fatal: not a git repository (or any of the parent directories): .git
2024-02-08 12:25:43.688 [info] > git rev-parse --show-toplevel [7ms]
2024-02-08 12:25:43.689 [info] fatal: not a git repository (or any of the parent directories): .git
2024-02-08 12:27:57.917 [info] > git rev-parse --show-toplevel [2ms]
2024-02-08 12:27:57.917 [info] fatal: not a git repository (or any of the parent directories): .git
2024-02-08 12:28:07.933 [info] > git rev-parse --show-toplevel [4ms]
2024-02-08 12:28:07.933 [info] fatal: not a git repository (or any of the parent directories): .git
2024-02-08 12:28:16.844 [info] > git rev-parse --show-toplevel [2ms]
2024-02-08 12:28:16.844 [info] fatal: not a git repository (or any of the parent directories): .git
2024-02-08 12:28:24.870 [info] > git rev-parse --show-toplevel [2ms]
2024-02-08 12:28:24.870 [info] fatal: not a git repository (or any of the parent directories): .git
2024-02-08 12:28:41.658 [info] > git rev-parse --show-toplevel [10ms]
2024-02-08 12:28:41.658 [info] fatal: not a git repository (or any of the parent directories): .git
2024-02-08 12:28:47.389 [info] > git rev-parse --show-toplevel [4ms]
2024-02-08 12:28:47.389 [info] fatal: not a git repository (or any of the parent directories): .git
2024-02-08 12:29:21.105 [info] > git rev-parse --show-toplevel [2ms]
2024-02-08 12:29:21.105 [info] fatal: not a git repository (or any of the parent directories): .git
2024-02-08 12:30:25.300 [info] > git rev-parse --show-toplevel [19ms]
2024-02-08 12:30:25.300 [info] fatal: not a git repository (or any of the parent directories): .git
2024-02-08 12:35:14.440 [info] > git init -b main [27ms]
2024-02-08 12:35:14.451 [info] > git rev-parse --show-toplevel [2ms]
2024-02-08 12:35:14.462 [info] > git rev-parse --git-dir --git-common-dir [2ms]
2024-02-08 12:35:14.489 [info] Open repository: /home/negav
2024-02-08 12:35:14.521 [info] > git config --get commit.template [11ms]
2024-02-08 12:35:14.522 [info] No remotes found in the git config file.
2024-02-08 12:35:14.523 [info] > git for-each-ref --format=%(refname)%00%(upstream:short)%00%(objectname)%00%(upstream:track)%00%(upstream:remotename)%00%(upstream:remoteref) refs/heads/main refs/remotes/main [7ms]
2024-02-08 12:35:14.523 [warning] No such branch: main.
2024-02-08 12:35:14.573 [info] > git status -z -uall [40ms]
2024-02-08 12:35:15.274 [info] > git config --get commit.template [106ms]
2024-02-08 12:35:15.294 [info] No remotes found in the git config file.
2024-02-08 12:35:15.304 [info] > git for-each-ref --format=%(refname)%00%(upstream:short)%00%(objectname)%00%(upstream:track)%00%(upstream:remotename)%00%(upstream:remoteref) refs/heads/main refs/remotes/main [10ms]
2024-02-08 12:35:15.304 [warning] No such branch: main.
2024-02-08 12:35:15.388 [info] > git status -z -uall [22ms]
2024-02-08 12:35:16.041 [info] > git show --textconv :MyLaravelApp/resources/views/welcome.blade.php [37ms]
2024-02-08 12:35:16.042 [info] > git ls-files --stage -- /home/negav/MyLaravelApp/resources/views/welcome.blade.php [23ms]
2024-02-08 12:35:16.080 [info] > git ls-files --stage -- /home/negav/MyLaravelApp/resources/views/welcome.blade.php [2ms]
2024-02-08 12:35:16.592 [info] > git check-ignore -v -z --stdin [2ms]
